{
  "cancel_ci": false,
  "cancel_ci_branch": false,
  "close": false,
  "comments": [
    "The test `ansible-test sanity --test yamllint` [[explain](https://docs.ansible.com/ansible/devel/dev_guide/testing/sanity/yamllint.html)] failed with 2 errors:\n```\nplugins/modules/files/ini_file.py:51:46: error: DOCUMENTATION: syntax error: mapping values are not allowed here (syntax)\nplugins/modules/files/ini_file.py:51:46: unparsable-with-libyaml: None - mapping values are not allowed in this context\n```\n<!-- job_id: 20525 -->\n<!-- job_id: cdb2ce5136ab49a42cfc46f870adb5ba -->\n<!-- job_id: None -->\nThe test `ansible-test sanity --test import --python 2.6` [[explain](https://docs.ansible.com/ansible/devel/dev_guide/testing/sanity/import.html)] failed with 1 error:\n```\nplugins/modules/files/ini_file.py:280:27: traceback: SyntaxError: invalid syntax\n```\n<!-- job_id: 20525 -->\n<!-- job_id: af1f067c66811aec336d3775ced6c740 -->\n<!-- job_id: None -->\nThe test `ansible-test sanity --test compile --python 2.6` [[explain](https://docs.ansible.com/ansible/devel/dev_guide/testing/sanity/compile.html)] failed with 1 error:\n```\nplugins/modules/files/ini_file.py:280:27: SyntaxError: if state in {'present', 'add'} and option:\n```\n<!-- job_id: 20525 -->\n<!-- job_id: e9aabf7a745e3bb54783a571e2dc2094 -->\n<!-- job_id: None -->\nThe test `ansible-test sanity --test validate-modules` [[explain](https://docs.ansible.com/ansible/devel/dev_guide/testing/sanity/validate-modules.html)] failed with 31 errors:\n```\nplugins/modules/files/ini_file.py:0:0: deprecation-mismatch: \"meta/runtime.yml\" and DOCUMENTATION.deprecation do not agree.\nplugins/modules/files/ini_file.py:0:0: doc-choices-do-not-match-spec: Argument 'state' in argument_spec defines choices as (['absent', 'present', 'add', 'remove']) but documentation defines choices as ([])\nplugins/modules/files/ini_file.py:0:0: doc-default-does-not-match-spec: Argument 'allow_no_value' in argument_spec defines default as (False) but documentation defines default as (None)\nplugins/modules/files/ini_file.py:0:0: doc-default-does-not-match-spec: Argument 'backup' in argument_spec defines default as (False) but documentation defines default as (None)\nplugins/modules/files/ini_file.py:0:0: doc-default-does-not-match-spec: Argument 'create' in argument_spec defines default as (True) but documentation defines default as (None)\nplugins/modules/files/ini_file.py:0:0: doc-default-does-not-match-spec: Argument 'no_extra_spaces' in argument_spec defines default as (False) but documentation defines default as (None)\nplugins/modules/files/ini_file.py:0:0: doc-default-does-not-match-spec: Argument 'state' in argument_spec defines default as ('present') but documentation defines default as (None)\nplugins/modules/files/ini_file.py:0:0: doc-default-does-not-match-spec: Argument 'unsafe_writes' in argument_spec defines default as (False) but documentation defines default as (None)\nplugins/modules/files/ini_file.py:0:0: doc-elements-mismatch: Argument 'values' in argument_spec specifies elements as str,but elements is not documented\nplugins/modules/files/ini_file.py:0:0: doc-required-mismatch: Argument 'path' in argument_spec is required, but is not documented as being required\nplugins/modules/files/ini_file.py:0:0: doc-required-mismatch: Argument 'section' in argument_spec is required, but is not documented as being required\nplugins/modules/files/ini_file.py:0:0: parameter-type-not-in-doc: Argument 'allow_no_value' in argument_spec defines type as 'bool' but documentation doesn't define type\nplugins/modules/files/ini_file.py:0:0: parameter-type-not-in-doc: Argument 'attributes' in argument_spec defines type as 'str' but documentation doesn't define type\nplugins/modules/files/ini_file.py:0:0: parameter-type-not-in-doc: Argument 'backup' in argument_spec defines type as 'bool' but documentation doesn't define type\nplugins/modules/files/ini_file.py:0:0: parameter-type-not-in-doc: Argument 'create' in argument_spec defines type as 'bool' but documentation doesn't define type\nplugins/modules/files/ini_file.py:0:0: parameter-type-not-in-doc: Argument 'group' in argument_spec defines type as 'str' but documentation doesn't define type\nplugins/modules/files/ini_file.py:0:0: parameter-type-not-in-doc: Argument 'mode' in argument_spec defines type as 'raw' but documentation doesn't define type\nplugins/modules/files/ini_file.py:0:0: parameter-type-not-in-doc: Argument 'no_extra_spaces' in argument_spec defines type as 'bool' but documentation doesn't define type\nplugins/modules/files/ini_file.py:0:0: parameter-type-not-in-doc: Argument 'option' in argument_spec defines type as 'str' but documentation doesn't define type\nplugins/modules/files/ini_file.py:0:0: parameter-type-not-in-doc: Argument 'owner' in argument_spec defines type as 'str' but documentation doesn't define type\nplugins/modules/files/ini_file.py:0:0: parameter-type-not-in-doc: Argument 'path' in argument_spec defines type as 'path' but documentation doesn't define type\nplugins/modules/files/ini_file.py:0:0: parameter-type-not-in-doc: Argument 'section' in argument_spec defines type as 'str' but documentation doesn't define type\nplugins/modules/files/ini_file.py:0:0: parameter-type-not-in-doc: Argument 'selevel' in argument_spec defines type as 'str' but documentation doesn't define type\nplugins/modules/files/ini_file.py:0:0: parameter-type-not-in-doc: Argument 'serole' in argument_spec defines type as 'str' but documentation doesn't define type\nplugins/modules/files/ini_file.py:0:0: parameter-type-not-in-doc: Argument 'setype' in argument_spec defines type as 'str' but documentation doesn't define type\nplugins/modules/files/ini_file.py:0:0: parameter-type-not-in-doc: Argument 'seuser' in argument_spec defines type as 'str' but documentation doesn't define type\nplugins/modules/files/ini_file.py:0:0: parameter-type-not-in-doc: Argument 'state' in argument_spec defines type as 'str' but documentation doesn't define type\nplugins/modules/files/ini_file.py:0:0: parameter-type-not-in-doc: Argument 'unsafe_writes' in argument_spec defines type as 'bool' but documentation doesn't define type\nplugins/modules/files/ini_file.py:0:0: parameter-type-not-in-doc: Argument 'value' in argument_spec defines type as 'str' but documentation doesn't define type\nplugins/modules/files/ini_file.py:0:0: parameter-type-not-in-doc: Argument 'values' in argument_spec defines type as 'list' but documentation doesn't define type\nplugins/modules/files/ini_file.py:51:46: documentation-syntax-error: DOCUMENTATION is not valid YAML\n```\n<!-- job_id: 20525 -->\n<!-- job_id: 896edb047197845e1154a116432780fa -->\n<!-- job_id: None -->\nThe test `ansible-test sanity --test ansible-doc` [[explain](https://docs.ansible.com/ansible/devel/dev_guide/testing/sanity/ansible-doc.html)] failed with the error:\n```\nCommand \"ansible-doc -t module community.general.ini_file\" returned exit status 1.\n>>> Standard Error\nERROR! module community.general.ini_file missing documentation (or could not parse documentation): mapping values are not allowed in this context\n  in \"<unicode string>\", line 39, column 46\n```\n<!-- job_id: 20525 -->\n<!-- job_id: 55c79736cd99620fde516349f56e3813 -->\n<!-- job_id: None -->\nThe test `ansible-test sanity --test validate-modules` [[explain](https://docs.ansible.com/ansible/devel/dev_guide/testing/sanity/validate-modules.html)] failed with 14 errors:\n```\nplugins/modules/files/ini_file.py:0:0: doc-choices-do-not-match-spec: Argument 'state' in argument_spec defines choices as (['absent', 'present', 'add', 'remove']) but documentation defines choices as ([])\nplugins/modules/files/ini_file.py:0:0: doc-default-does-not-match-spec: Argument 'create' in argument_spec defines default as (True) but documentation defines default as (False)\nplugins/modules/files/ini_file.py:0:0: doc-default-does-not-match-spec: Argument 'state' in argument_spec defines default as ('present') but documentation defines default as (None)\nplugins/modules/files/ini_file.py:0:0: parameter-type-not-in-doc: Argument 'allow_no_value' in argument_spec defines type as 'bool' but documentation doesn't define type\nplugins/modules/files/ini_file.py:0:0: parameter-type-not-in-doc: Argument 'backup' in argument_spec defines type as 'bool' but documentation doesn't define type\nplugins/modules/files/ini_file.py:0:0: parameter-type-not-in-doc: Argument 'create' in argument_spec defines type as 'bool' but documentation doesn't define type\nplugins/modules/files/ini_file.py:0:0: parameter-type-not-in-doc: Argument 'no_extra_spaces' in argument_spec defines type as 'bool' but documentation doesn't define type\nplugins/modules/files/ini_file.py:0:0: parameter-type-not-in-doc: Argument 'option' in argument_spec defines type as 'str' but documentation doesn't define type\nplugins/modules/files/ini_file.py:0:0: parameter-type-not-in-doc: Argument 'path' in argument_spec defines type as 'path' but documentation doesn't define type\nplugins/modules/files/ini_file.py:0:0: parameter-type-not-in-doc: Argument 'section' in argument_spec defines type as 'str' but documentation doesn't define type\nplugins/modules/files/ini_file.py:0:0: parameter-type-not-in-doc: Argument 'state' in argument_spec defines type as 'str' but documentation doesn't define type\nplugins/modules/files/ini_file.py:0:0: parameter-type-not-in-doc: Argument 'value' in argument_spec defines type as 'str' but documentation doesn't define type\nplugins/modules/files/ini_file.py:0:0: parameter-type-not-in-doc: Argument 'values' in argument_spec defines type as 'list' but documentation doesn't define type\nplugins/modules/files/ini_file.py:51:46: documentation-syntax-error: DOCUMENTATION is not valid YAML\n```\n<!-- job_id: 20525 -->\n<!-- job_id: 1168cd89d0b963e228d6537f981338c9 -->\n<!-- job_id: None -->\nThe test `ansible-test sanity --test ansible-doc` [[explain](https://docs.ansible.com/ansible/devel/dev_guide/testing/sanity/ansible-doc.html)] failed with the error:\n```\nCommand \"ansible-doc -t module community.general.ini_file\" returned exit status 1.\n>>> Standard Error\nERROR! module community.general.ini_file missing documentation (or could not parse documentation): mapping values are not allowed in this context\n  in \"<unicode string>\", line 39, column 46\n```\n<!-- job_id: 20525 -->\n<!-- job_id: 55c79736cd99620fde516349f56e3813 -->\n<!-- job_id: None -->\nThe test `ansible-test sanity --test yamllint` [[explain](https://docs.ansible.com/ansible/devel/dev_guide/testing/sanity/yamllint.html)] failed with 2 errors:\n```\nplugins/modules/files/ini_file.py:51:46: error: DOCUMENTATION: syntax error: mapping values are not allowed here (syntax)\nplugins/modules/files/ini_file.py:51:46: unparsable-with-libyaml: None - mapping values are not allowed in this context\n```\n<!-- job_id: 20525 -->\n<!-- job_id: cdb2ce5136ab49a42cfc46f870adb5ba -->\n<!-- job_id: None -->\nThe test `ansible-test sanity --test import --python 2.6` [[explain](https://docs.ansible.com/ansible/devel/dev_guide/testing/sanity/import.html)] failed with 1 error:\n```\nplugins/modules/files/ini_file.py:280:27: traceback: SyntaxError: invalid syntax\n```\n<!-- job_id: 20525 -->\n<!-- job_id: af1f067c66811aec336d3775ced6c740 -->\n<!-- job_id: None -->\nThe test `ansible-test sanity --test compile --python 2.6` [[explain](https://docs.ansible.com/ansible/devel/dev_guide/testing/sanity/compile.html)] failed with 1 error:\n```\nplugins/modules/files/ini_file.py:280:27: SyntaxError: if state in {'present', 'add'} and option:\n```\n<!-- job_id: 20525 -->\n<!-- job_id: e9aabf7a745e3bb54783a571e2dc2094 -->\n<!-- job_id: None -->\nThe test `ansible-test sanity --test yamllint` [[explain](https://docs.ansible.com/ansible/devel/dev_guide/testing/sanity/yamllint.html)] failed with 1 error:\n```\nplugins/modules/files/ini_file.py:51:46: error: DOCUMENTATION: syntax error: mapping values are not allowed here\n```\n<!-- job_id: 20525 -->\n<!-- job_id: a0aacfe9dc64de1a853dc30d9c6ec193 -->\n<!-- job_id: None -->\nThe test `ansible-test sanity --test import --python 2.6` [[explain](https://docs.ansible.com/ansible/devel/dev_guide/testing/sanity/import.html)] failed with 1 error:\n```\nplugins/modules/files/ini_file.py:280:27: traceback: SyntaxError: invalid syntax\n```\n<!-- job_id: 20525 -->\n<!-- job_id: af1f067c66811aec336d3775ced6c740 -->\n<!-- job_id: None -->\nThe test `ansible-test sanity --test compile --python 2.6` [[explain](https://docs.ansible.com/ansible/devel/dev_guide/testing/sanity/compile.html)] failed with 1 error:\n```\nplugins/modules/files/ini_file.py:280:27: SyntaxError: if state in {'present', 'add'} and option:\n```\n<!-- job_id: 20525 -->\n<!-- job_id: e9aabf7a745e3bb54783a571e2dc2094 -->\n<!-- job_id: None -->\nThe test `ansible-test sanity --test ansible-doc` [[explain](https://docs.ansible.com/ansible/devel/dev_guide/testing/sanity/ansible-doc.html)] failed with the error:\n```\nCommand \"ansible-doc -t module community.general.ini_file\" returned exit status 1.\n>>> Standard Error\nERROR! module community.general.ini_file missing documentation (or could not parse documentation): mapping values are not allowed in this context\n  in \"<unicode string>\", line 39, column 46\n```\n<!-- job_id: 20525 -->\n<!-- job_id: 55c79736cd99620fde516349f56e3813 -->\n<!-- job_id: None -->\nThe test `ansible-test sanity --test validate-modules` [[explain](https://docs.ansible.com/ansible/devel/dev_guide/testing/sanity/validate-modules.html)] failed with 31 errors:\n```\nplugins/modules/files/ini_file.py:0:0: deprecation-mismatch: \"meta/runtime.yml\" and DOCUMENTATION.deprecation do not agree.\nplugins/modules/files/ini_file.py:0:0: doc-choices-do-not-match-spec: Argument 'state' in argument_spec defines choices as (['absent', 'present', 'add', 'remove']) but documentation defines choices as ([])\nplugins/modules/files/ini_file.py:0:0: doc-default-does-not-match-spec: Argument 'allow_no_value' in argument_spec defines default as (False) but documentation defines default as (None)\nplugins/modules/files/ini_file.py:0:0: doc-default-does-not-match-spec: Argument 'backup' in argument_spec defines default as (False) but documentation defines default as (None)\nplugins/modules/files/ini_file.py:0:0: doc-default-does-not-match-spec: Argument 'create' in argument_spec defines default as (True) but documentation defines default as (None)\nplugins/modules/files/ini_file.py:0:0: doc-default-does-not-match-spec: Argument 'no_extra_spaces' in argument_spec defines default as (False) but documentation defines default as (None)\nplugins/modules/files/ini_file.py:0:0: doc-default-does-not-match-spec: Argument 'state' in argument_spec defines default as ('present') but documentation defines default as (None)\nplugins/modules/files/ini_file.py:0:0: doc-default-does-not-match-spec: Argument 'unsafe_writes' in argument_spec defines default as (False) but documentation defines default as (None)\nplugins/modules/files/ini_file.py:0:0: doc-elements-mismatch: Argument 'values' in argument_spec specifies elements as str,but elements is not documented\nplugins/modules/files/ini_file.py:0:0: doc-required-mismatch: Argument 'path' in argument_spec is required, but is not documented as being required\nplugins/modules/files/ini_file.py:0:0: doc-required-mismatch: Argument 'section' in argument_spec is required, but is not documented as being required\nplugins/modules/files/ini_file.py:0:0: parameter-type-not-in-doc: Argument 'allow_no_value' in argument_spec defines type as 'bool' but documentation doesn't define type\nplugins/modules/files/ini_file.py:0:0: parameter-type-not-in-doc: Argument 'attributes' in argument_spec defines type as 'str' but documentation doesn't define type\nplugins/modules/files/ini_file.py:0:0: parameter-type-not-in-doc: Argument 'backup' in argument_spec defines type as 'bool' but documentation doesn't define type\nplugins/modules/files/ini_file.py:0:0: parameter-type-not-in-doc: Argument 'create' in argument_spec defines type as 'bool' but documentation doesn't define type\nplugins/modules/files/ini_file.py:0:0: parameter-type-not-in-doc: Argument 'group' in argument_spec defines type as 'str' but documentation doesn't define type\nplugins/modules/files/ini_file.py:0:0: parameter-type-not-in-doc: Argument 'mode' in argument_spec defines type as 'raw' but documentation doesn't define type\nplugins/modules/files/ini_file.py:0:0: parameter-type-not-in-doc: Argument 'no_extra_spaces' in argument_spec defines type as 'bool' but documentation doesn't define type\nplugins/modules/files/ini_file.py:0:0: parameter-type-not-in-doc: Argument 'option' in argument_spec defines type as 'str' but documentation doesn't define type\nplugins/modules/files/ini_file.py:0:0: parameter-type-not-in-doc: Argument 'owner' in argument_spec defines type as 'str' but documentation doesn't define type\nplugins/modules/files/ini_file.py:0:0: parameter-type-not-in-doc: Argument 'path' in argument_spec defines type as 'path' but documentation doesn't define type\nplugins/modules/files/ini_file.py:0:0: parameter-type-not-in-doc: Argument 'section' in argument_spec defines type as 'str' but documentation doesn't define type\nplugins/modules/files/ini_file.py:0:0: parameter-type-not-in-doc: Argument 'selevel' in argument_spec defines type as 'str' but documentation doesn't define type\nplugins/modules/files/ini_file.py:0:0: parameter-type-not-in-doc: Argument 'serole' in argument_spec defines type as 'str' but documentation doesn't define type\nplugins/modules/files/ini_file.py:0:0: parameter-type-not-in-doc: Argument 'setype' in argument_spec defines type as 'str' but documentation doesn't define type\nplugins/modules/files/ini_file.py:0:0: parameter-type-not-in-doc: Argument 'seuser' in argument_spec defines type as 'str' but documentation doesn't define type\nplugins/modules/files/ini_file.py:0:0: parameter-type-not-in-doc: Argument 'state' in argument_spec defines type as 'str' but documentation doesn't define type\nplugins/modules/files/ini_file.py:0:0: parameter-type-not-in-doc: Argument 'unsafe_writes' in argument_spec defines type as 'bool' but documentation doesn't define type\nplugins/modules/files/ini_file.py:0:0: parameter-type-not-in-doc: Argument 'value' in argument_spec defines type as 'str' but documentation doesn't define type\nplugins/modules/files/ini_file.py:0:0: parameter-type-not-in-doc: Argument 'values' in argument_spec defines type as 'list' but documentation doesn't define type\nplugins/modules/files/ini_file.py:51:46: documentation-syntax-error: DOCUMENTATION is not valid YAML\n```\n<!-- job_id: 20525 -->\n<!-- job_id: 896edb047197845e1154a116432780fa -->\n<!-- job_id: None -->\nThe test `ansible-test sanity --test ansible-doc` [[explain](https://docs.ansible.com/ansible/devel/dev_guide/testing/sanity/ansible-doc.html)] failed with the error:\n```\nCommand \"ansible-doc -t module community.general.ini_file\" returned exit status 1.\n>>> Standard Error\nERROR! module community.general.ini_file missing documentation (or could not parse documentation): mapping values are not allowed in this context\n  in \"<unicode string>\", line 39, column 46\n```\n<!-- job_id: 20525 -->\n<!-- job_id: 55c79736cd99620fde516349f56e3813 -->\n<!-- job_id: None -->\nThe test `ansible-test sanity --test yamllint` [[explain](https://docs.ansible.com/ansible/devel/dev_guide/testing/sanity/yamllint.html)] failed with 2 errors:\n```\nplugins/modules/files/ini_file.py:51:46: error: DOCUMENTATION: syntax error: mapping values are not allowed here (syntax)\nplugins/modules/files/ini_file.py:51:46: unparsable-with-libyaml: None - mapping values are not allowed in this context\n```\n<!-- job_id: 20525 -->\n<!-- job_id: cdb2ce5136ab49a42cfc46f870adb5ba -->\n<!-- job_id: None -->\nThe test `ansible-test sanity --test import --python 2.6` [[explain](https://docs.ansible.com/ansible/devel/dev_guide/testing/sanity/import.html)] failed with 1 error:\n```\nplugins/modules/files/ini_file.py:280:27: traceback: SyntaxError: invalid syntax\n```\n<!-- job_id: 20525 -->\n<!-- job_id: af1f067c66811aec336d3775ced6c740 -->\n<!-- job_id: None -->\nThe test `ansible-test sanity --test compile --python 2.6` [[explain](https://docs.ansible.com/ansible/devel/dev_guide/testing/sanity/compile.html)] failed with 1 error:\n```\nplugins/modules/files/ini_file.py:280:27: SyntaxError: if state in {'present', 'add'} and option:\n```\n<!-- job_id: 20525 -->\n<!-- job_id: e9aabf7a745e3bb54783a571e2dc2094 -->\n<!-- job_id: None -->\n\n[click here for bot help](https://github.com/ansible/ansibullbot/blob/master/ISSUE_HELP.md)\n<!--- boilerplate: shippable_test_result --->"
  ],
  "merge": false,
  "newlabel": [
    "needs_revision"
  ],
  "open": false,
  "rebuild": false,
  "rebuild_failed": false,
  "uncomment": [],
  "unlabel": [
    "needs_ci",
    "stale_ci"
  ]
}